2023-01-03 06:59:56 warning: DebugKit not enabled. You need to either install pdo_sqlite, or define the "debug_kit" connection name.
2023-01-03 07:20:34 warning: DebugKit not enabled. You need to either install pdo_sqlite, or define the "debug_kit" connection name.
2023-01-03 07:23:23 warning: DebugKit not enabled. You need to either install pdo_sqlite, or define the "debug_kit" connection name.
2023-01-03 07:39:14 warning: DebugKit not enabled. You need to either install pdo_sqlite, or define the "debug_kit" connection name.
2023-01-03 07:40:05 warning: DebugKit not enabled. You need to either install pdo_sqlite, or define the "debug_kit" connection name.
2023-01-03 07:41:45 warning: DebugKit not enabled. You need to either install pdo_sqlite, or define the "debug_kit" connection name.
2023-01-04 04:05:05 warning: DebugKit not enabled. You need to either install pdo_sqlite, or define the "debug_kit" connection name.
2023-01-04 05:57:33 warning: DebugKit not enabled. You need to either install pdo_sqlite, or define the "debug_kit" connection name.
2023-01-04 11:17:23 warning: DebugKit not enabled. You need to either install pdo_sqlite, or define the "debug_kit" connection name.
2023-01-04 11:49:18 warning: DebugKit not enabled. You need to either install pdo_sqlite, or define the "debug_kit" connection name.
2023-01-04 13:12:44 warning: DebugKit not enabled. You need to either install pdo_sqlite, or define the "debug_kit" connection name.
2023-01-05 03:51:54 warning: DebugKit not enabled. You need to either install pdo_sqlite, or define the "debug_kit" connection name.
2023-01-05 04:00:02 warning: DebugKit not enabled. You need to either install pdo_sqlite, or define the "debug_kit" connection name.
2023-01-05 04:00:02 error: [Cake\Database\Exception\DatabaseException] SQLSTATE[42S02]: Base table or view not found: 1146 Table 'tabledb.table_name' doesn't exist in /var/www/html/firstproject/ajax/composer/my_app_name/vendor/cakephp/cakephp/src/Database/Schema/Collection.php on line 160
Stack Trace:
- /var/www/html/firstproject/ajax/composer/my_app_name/vendor/cakephp/cakephp/src/Database/Schema/Collection.php:118
- /var/www/html/firstproject/ajax/composer/my_app_name/vendor/cakephp/cakephp/src/ORM/Table.php:521
- /var/www/html/firstproject/ajax/composer/my_app_name/vendor/cakephp/bake/src/Command/ModelCommand.php:111
- /var/www/html/firstproject/ajax/composer/my_app_name/vendor/cakephp/bake/src/Command/ModelCommand.php:94
- /var/www/html/firstproject/ajax/composer/my_app_name/vendor/cakephp/bake/src/Command/AllCommand.php:115
- /var/www/html/firstproject/ajax/composer/my_app_name/vendor/cakephp/cakephp/src/Console/BaseCommand.php:189
- /var/www/html/firstproject/ajax/composer/my_app_name/vendor/cakephp/cakephp/src/Console/CommandRunner.php:334
- /var/www/html/firstproject/ajax/composer/my_app_name/vendor/cakephp/cakephp/src/Console/CommandRunner.php:172
- /var/www/html/firstproject/ajax/composer/my_app_name/bin/cake.php:12

Caused by: [PDOException] SQLSTATE[42S02]: Base table or view not found: 1146 Table 'tabledb.table_name' doesn't exist in /var/www/html/firstproject/ajax/composer/my_app_name/vendor/cakephp/cakephp/src/Database/Statement/MysqlStatement.php on line 39
Stack Trace:
- /var/www/html/firstproject/ajax/composer/my_app_name/vendor/cakephp/cakephp/src/Database/Statement/MysqlStatement.php:39
- /var/www/html/firstproject/ajax/composer/my_app_name/vendor/cakephp/cakephp/src/Database/Connection.php:329
- /var/www/html/firstproject/ajax/composer/my_app_name/vendor/cakephp/cakephp/src/Core/Retry/CommandRetry.php:70
- /var/www/html/firstproject/ajax/composer/my_app_name/vendor/cakephp/cakephp/src/Database/Connection.php:332
- /var/www/html/firstproject/ajax/composer/my_app_name/vendor/cakephp/cakephp/src/Database/Schema/Collection.php:158
- /var/www/html/firstproject/ajax/composer/my_app_name/vendor/cakephp/cakephp/src/Database/Schema/Collection.php:118
- /var/www/html/firstproject/ajax/composer/my_app_name/vendor/cakephp/cakephp/src/ORM/Table.php:521
- /var/www/html/firstproject/ajax/composer/my_app_name/vendor/cakephp/bake/src/Command/ModelCommand.php:111
- /var/www/html/firstproject/ajax/composer/my_app_name/vendor/cakephp/bake/src/Command/ModelCommand.php:94
- /var/www/html/firstproject/ajax/composer/my_app_name/vendor/cakephp/bake/src/Command/AllCommand.php:115
- /var/www/html/firstproject/ajax/composer/my_app_name/vendor/cakephp/cakephp/src/Console/BaseCommand.php:189
- /var/www/html/firstproject/ajax/composer/my_app_name/vendor/cakephp/cakephp/src/Console/CommandRunner.php:334
- /var/www/html/firstproject/ajax/composer/my_app_name/vendor/cakephp/cakephp/src/Console/CommandRunner.php:172
- /var/www/html/firstproject/ajax/composer/my_app_name/bin/cake.php:12

2023-01-05 04:49:42 warning: DebugKit not enabled. You need to either install pdo_sqlite, or define the "debug_kit" connection name.
2023-01-05 10:05:26 warning: DebugKit not enabled. You need to either install pdo_sqlite, or define the "debug_kit" connection name.
2023-01-06 03:38:45 warning: DebugKit not enabled. You need to either install pdo_sqlite, or define the "debug_kit" connection name.
2023-01-06 05:06:35 warning: DebugKit not enabled. You need to either install pdo_sqlite, or define the "debug_kit" connection name.
2023-01-06 06:06:35 warning: DebugKit not enabled. You need to either install pdo_sqlite, or define the "debug_kit" connection name.
2023-01-06 06:07:23 warning: DebugKit not enabled. You need to either install pdo_sqlite, or define the "debug_kit" connection name.
2023-01-06 06:08:36 warning: DebugKit not enabled. You need to either install pdo_sqlite, or define the "debug_kit" connection name.
2023-01-09 03:48:28 warning: DebugKit not enabled. You need to either install pdo_sqlite, or define the "debug_kit" connection name.
2023-01-10 03:44:15 warning: DebugKit not enabled. You need to either install pdo_sqlite, or define the "debug_kit" connection name.
2023-01-10 05:51:47 warning: DebugKit not enabled. You need to either install pdo_sqlite, or define the "debug_kit" connection name.
2023-01-10 06:55:56 warning: DebugKit not enabled. You need to either install pdo_sqlite, or define the "debug_kit" connection name.
2023-01-10 06:55:56 error: [Cake\Database\Exception\DatabaseException] SQLSTATE[42S02]: Base table or view not found: 1146 Table 'tabledb.tableinfo' doesn't exist in /var/www/html/firstproject/ajax/composer/my_app_name/vendor/cakephp/cakephp/src/Database/Schema/Collection.php on line 160
Stack Trace:
- /var/www/html/firstproject/ajax/composer/my_app_name/vendor/cakephp/cakephp/src/Database/Schema/Collection.php:118
- /var/www/html/firstproject/ajax/composer/my_app_name/vendor/cakephp/cakephp/src/ORM/Table.php:521
- /var/www/html/firstproject/ajax/composer/my_app_name/vendor/cakephp/bake/src/Command/ModelCommand.php:111
- /var/www/html/firstproject/ajax/composer/my_app_name/vendor/cakephp/bake/src/Command/ModelCommand.php:94
- /var/www/html/firstproject/ajax/composer/my_app_name/vendor/cakephp/bake/src/Command/AllCommand.php:115
- /var/www/html/firstproject/ajax/composer/my_app_name/vendor/cakephp/cakephp/src/Console/BaseCommand.php:189
- /var/www/html/firstproject/ajax/composer/my_app_name/vendor/cakephp/cakephp/src/Console/CommandRunner.php:334
- /var/www/html/firstproject/ajax/composer/my_app_name/vendor/cakephp/cakephp/src/Console/CommandRunner.php:172
- /var/www/html/firstproject/ajax/composer/my_app_name/bin/cake.php:12

Caused by: [PDOException] SQLSTATE[42S02]: Base table or view not found: 1146 Table 'tabledb.tableinfo' doesn't exist in /var/www/html/firstproject/ajax/composer/my_app_name/vendor/cakephp/cakephp/src/Database/Statement/MysqlStatement.php on line 39
Stack Trace:
- /var/www/html/firstproject/ajax/composer/my_app_name/vendor/cakephp/cakephp/src/Database/Statement/MysqlStatement.php:39
- /var/www/html/firstproject/ajax/composer/my_app_name/vendor/cakephp/cakephp/src/Database/Connection.php:329
- /var/www/html/firstproject/ajax/composer/my_app_name/vendor/cakephp/cakephp/src/Core/Retry/CommandRetry.php:70
- /var/www/html/firstproject/ajax/composer/my_app_name/vendor/cakephp/cakephp/src/Database/Connection.php:332
- /var/www/html/firstproject/ajax/composer/my_app_name/vendor/cakephp/cakephp/src/Database/Schema/Collection.php:158
- /var/www/html/firstproject/ajax/composer/my_app_name/vendor/cakephp/cakephp/src/Database/Schema/Collection.php:118
- /var/www/html/firstproject/ajax/composer/my_app_name/vendor/cakephp/cakephp/src/ORM/Table.php:521
- /var/www/html/firstproject/ajax/composer/my_app_name/vendor/cakephp/bake/src/Command/ModelCommand.php:111
- /var/www/html/firstproject/ajax/composer/my_app_name/vendor/cakephp/bake/src/Command/ModelCommand.php:94
- /var/www/html/firstproject/ajax/composer/my_app_name/vendor/cakephp/bake/src/Command/AllCommand.php:115
- /var/www/html/firstproject/ajax/composer/my_app_name/vendor/cakephp/cakephp/src/Console/BaseCommand.php:189
- /var/www/html/firstproject/ajax/composer/my_app_name/vendor/cakephp/cakephp/src/Console/CommandRunner.php:334
- /var/www/html/firstproject/ajax/composer/my_app_name/vendor/cakephp/cakephp/src/Console/CommandRunner.php:172
- /var/www/html/firstproject/ajax/composer/my_app_name/bin/cake.php:12

2023-01-10 06:56:53 warning: DebugKit not enabled. You need to either install pdo_sqlite, or define the "debug_kit" connection name.
2023-01-10 06:57:40 warning: DebugKit not enabled. You need to either install pdo_sqlite, or define the "debug_kit" connection name.
2023-01-10 11:25:07 warning: DebugKit not enabled. You need to either install pdo_sqlite, or define the "debug_kit" connection name.
2023-01-10 11:36:28 warning: DebugKit not enabled. You need to either install pdo_sqlite, or define the "debug_kit" connection name.
2023-01-11 03:45:01 warning: DebugKit not enabled. You need to either install pdo_sqlite, or define the "debug_kit" connection name.
2023-01-11 10:46:38 warning: DebugKit not enabled. You need to either install pdo_sqlite, or define the "debug_kit" connection name.
2023-01-11 13:02:09 warning: DebugKit not enabled. You need to either install pdo_sqlite, or define the "debug_kit" connection name.
2023-01-11 13:03:35 warning: DebugKit not enabled. You need to either install pdo_sqlite, or define the "debug_kit" connection name.
2023-01-12 03:42:06 warning: DebugKit not enabled. You need to either install pdo_sqlite, or define the "debug_kit" connection name.
2023-01-12 08:41:35 warning: DebugKit not enabled. You need to either install pdo_sqlite, or define the "debug_kit" connection name.
2023-01-12 08:42:26 warning: DebugKit not enabled. You need to either install pdo_sqlite, or define the "debug_kit" connection name.
2023-01-12 10:21:39 warning: DebugKit not enabled. You need to either install pdo_sqlite, or define the "debug_kit" connection name.
2023-01-12 10:22:15 warning: DebugKit not enabled. You need to either install pdo_sqlite, or define the "debug_kit" connection name.
2023-01-13 03:43:32 warning: DebugKit not enabled. You need to either install pdo_sqlite, or define the "debug_kit" connection name.
2023-01-13 07:45:52 warning: DebugKit not enabled. You need to either install pdo_sqlite, or define the "debug_kit" connection name.
2023-01-13 09:27:06 warning: DebugKit not enabled. You need to either install pdo_sqlite, or define the "debug_kit" connection name.
2023-01-13 10:02:30 warning: DebugKit not enabled. You need to either install pdo_sqlite, or define the "debug_kit" connection name.
2023-01-16 04:12:08 warning: DebugKit not enabled. You need to either install pdo_sqlite, or define the "debug_kit" connection name.
2023-01-17 03:56:23 warning: DebugKit not enabled. You need to either install pdo_sqlite, or define the "debug_kit" connection name.
2023-01-17 04:01:56 warning: DebugKit not enabled. You need to either install pdo_sqlite, or define the "debug_kit" connection name.
2023-01-17 04:04:44 warning: DebugKit not enabled. You need to either install pdo_sqlite, or define the "debug_kit" connection name.
2023-01-17 05:09:38 warning: DebugKit not enabled. You need to either install pdo_sqlite, or define the "debug_kit" connection name.
2023-01-17 05:09:53 warning: DebugKit not enabled. You need to either install pdo_sqlite, or define the "debug_kit" connection name.
2023-01-18 03:39:35 warning: DebugKit not enabled. You need to either install pdo_sqlite, or define the "debug_kit" connection name.
2023-01-18 10:28:31 warning: DebugKit not enabled. You need to either install pdo_sqlite, or define the "debug_kit" connection name.
2023-01-18 10:28:56 warning: DebugKit not enabled. You need to either install pdo_sqlite, or define the "debug_kit" connection name.
2023-01-18 10:29:25 warning: DebugKit not enabled. You need to either install pdo_sqlite, or define the "debug_kit" connection name.
2023-01-18 11:04:49 warning: DebugKit not enabled. You need to either install pdo_sqlite, or define the "debug_kit" connection name.
2023-01-18 11:05:15 warning: DebugKit not enabled. You need to either install pdo_sqlite, or define the "debug_kit" connection name.
2023-01-18 11:17:29 warning: DebugKit not enabled. You need to either install pdo_sqlite, or define the "debug_kit" connection name.
2023-01-18 11:41:58 warning: DebugKit not enabled. You need to either install pdo_sqlite, or define the "debug_kit" connection name.
2023-01-18 11:44:19 warning: DebugKit not enabled. You need to either install pdo_sqlite, or define the "debug_kit" connection name.
2023-01-18 12:50:58 warning: DebugKit not enabled. You need to either install pdo_sqlite, or define the "debug_kit" connection name.
2023-01-18 12:51:11 warning: DebugKit not enabled. You need to either install pdo_sqlite, or define the "debug_kit" connection name.
2023-01-18 12:52:05 warning: DebugKit not enabled. You need to either install pdo_sqlite, or define the "debug_kit" connection name.
2023-01-18 12:53:11 warning: DebugKit not enabled. You need to either install pdo_sqlite, or define the "debug_kit" connection name.
2023-01-18 12:53:36 warning: DebugKit not enabled. You need to either install pdo_sqlite, or define the "debug_kit" connection name.
2023-01-18 12:53:57 warning: DebugKit not enabled. You need to either install pdo_sqlite, or define the "debug_kit" connection name.
2023-01-19 03:42:34 warning: DebugKit not enabled. You need to either install pdo_sqlite, or define the "debug_kit" connection name.
2023-01-19 11:31:53 warning: DebugKit not enabled. You need to either install pdo_sqlite, or define the "debug_kit" connection name.
2023-01-19 11:34:11 warning: DebugKit not enabled. You need to either install pdo_sqlite, or define the "debug_kit" connection name.
2023-01-19 12:39:04 warning: DebugKit not enabled. You need to either install pdo_sqlite, or define the "debug_kit" connection name.
2023-01-20 03:37:09 warning: DebugKit not enabled. You need to either install pdo_sqlite, or define the "debug_kit" connection name.
2023-01-20 11:03:11 warning: DebugKit not enabled. You need to either install pdo_sqlite, or define the "debug_kit" connection name.
2023-01-20 11:37:48 warning: DebugKit not enabled. You need to either install pdo_sqlite, or define the "debug_kit" connection name.
2023-01-20 11:38:11 warning: DebugKit not enabled. You need to either install pdo_sqlite, or define the "debug_kit" connection name.
2023-01-20 11:40:40 warning: DebugKit not enabled. You need to either install pdo_sqlite, or define the "debug_kit" connection name.
2023-01-20 11:41:18 warning: DebugKit not enabled. You need to either install pdo_sqlite, or define the "debug_kit" connection name.
2023-01-20 12:29:48 warning: DebugKit not enabled. You need to either install pdo_sqlite, or define the "debug_kit" connection name.
2023-01-20 12:30:11 warning: DebugKit not enabled. You need to either install pdo_sqlite, or define the "debug_kit" connection name.
2023-01-20 12:30:25 warning: DebugKit not enabled. You need to either install pdo_sqlite, or define the "debug_kit" connection name.
2023-01-20 12:47:00 warning: DebugKit not enabled. You need to either install pdo_sqlite, or define the "debug_kit" connection name.
2023-01-20 12:47:11 warning: DebugKit not enabled. You need to either install pdo_sqlite, or define the "debug_kit" connection name.
2023-01-20 12:47:29 warning: DebugKit not enabled. You need to either install pdo_sqlite, or define the "debug_kit" connection name.
